
**** Build of configuration Debug for project lesson1 ****

"C:\\ti\\ccs1031\\ccs\\utils\\bin\\gmake" -k -j 8 all -O 
 
Building file: "../main.c"
Invoking: GNU Compiler
"C:/ti/ccs1031/ccs/tools/compiler/gcc-arm-none-eabi-7-2017-q4-major-win32/bin/arm-none-eabi-gcc-7.2.1.exe" -c -mcpu=cortex-m4 -march=armv7e-m -mthumb -mfloat-abi=hard -mfpu=fpv4-sp-d16 -DPART_TM4C1294NCPDT -I"C:/embedded_programming/ccs/lesson1" -I"C:/ti/ccs1031/ccs/tools/compiler/gcc-arm-none-eabi-7-2017-q4-major-win32/arm-none-eabi/include" -Og -ffunction-sections -fdata-sections -g -gdwarf-3 -gstrict-dwarf -Wall -specs="nosys.specs" -MMD -MP -MF"main.d_raw" -MT"main.o" -std=c99  -o"main.o" "../main.c"
Finished building: "../main.c"
 
Building file: "../tm4c1294ncpdt_startup_ccs_gcc.c"
Invoking: GNU Compiler
"C:/ti/ccs1031/ccs/tools/compiler/gcc-arm-none-eabi-7-2017-q4-major-win32/bin/arm-none-eabi-gcc-7.2.1.exe" -c -mcpu=cortex-m4 -march=armv7e-m -mthumb -mfloat-abi=hard -mfpu=fpv4-sp-d16 -DPART_TM4C1294NCPDT -I"C:/embedded_programming/ccs/lesson1" -I"C:/ti/ccs1031/ccs/tools/compiler/gcc-arm-none-eabi-7-2017-q4-major-win32/arm-none-eabi/include" -Og -ffunction-sections -fdata-sections -g -gdwarf-3 -gstrict-dwarf -Wall -specs="nosys.specs" -MMD -MP -MF"tm4c1294ncpdt_startup_ccs_gcc.d_raw" -MT"tm4c1294ncpdt_startup_ccs_gcc.o" -std=c99  -o"tm4c1294ncpdt_startup_ccs_gcc.o" "../tm4c1294ncpdt_startup_ccs_gcc.c"
Finished building: "../tm4c1294ncpdt_startup_ccs_gcc.c"
 
Building target: "lesson1.out"
Invoking: GNU Linker
"C:/ti/ccs1031/ccs/tools/compiler/gcc-arm-none-eabi-7-2017-q4-major-win32/bin/arm-none-eabi-gcc-7.2.1.exe" -DPART_TM4C1294NCPDT -Og -ffunction-sections -fdata-sections -g -gdwarf-3 -gstrict-dwarf -Wall -specs="nosys.specs" -march=armv7e-m -mthumb -mfloat-abi=hard -mfpu=fpv4-sp-d16 -Wl,-Map,"lesson1.map" -o"lesson1.out" "./main.o" "./tm4c1294ncpdt_startup_ccs_gcc.o" -Wl,-T"../tm4c1294ncpdt.lds"  
Finished building target: "lesson1.out"
 

**** Build Finished ****

**** Build of configuration Debug for project lesson1 ****

"C:\\ti\\ccs1031\\ccs\\utils\\bin\\gmake" -k -j 8 all -O 
 
gmake[1]: 'lesson1.out' is up to date.

**** Build Finished ****

**** Build of configuration Debug for project lesson1 ****

"C:\\ti\\ccs1031\\ccs\\utils\\bin\\gmake" -k -j 8 all -O 
 
Building file: "../main.c"
Invoking: GNU Compiler
"C:/ti/ccs1031/ccs/tools/compiler/gcc-arm-none-eabi-7-2017-q4-major-win32/bin/arm-none-eabi-gcc-7.2.1.exe" -c -mcpu=cortex-m4 -march=armv7e-m -mthumb -mfloat-abi=hard -mfpu=fpv4-sp-d16 -DPART_TM4C1294NCPDT -I"C:/embedded_programming/ccs/lesson1" -I"C:/ti/ccs1031/ccs/tools/compiler/gcc-arm-none-eabi-7-2017-q4-major-win32/arm-none-eabi/include" -Og -ffunction-sections -fdata-sections -g -gdwarf-3 -gstrict-dwarf -Wall -specs="nosys.specs" -MMD -MP -MF"main.d_raw" -MT"main.o" -std=c99  -o"main.o" "../main.c"
../main.c: In function 'main':
../main.c:8:9: warning: unused variable 'counter' [-Wunused-variable]
     int counter = 0;
         ^~~~~~~
Finished building: "../main.c"
 
Building target: "lesson1.out"
Invoking: GNU Linker
"C:/ti/ccs1031/ccs/tools/compiler/gcc-arm-none-eabi-7-2017-q4-major-win32/bin/arm-none-eabi-gcc-7.2.1.exe" -DPART_TM4C1294NCPDT -Og -ffunction-sections -fdata-sections -g -gdwarf-3 -gstrict-dwarf -Wall -specs="nosys.specs" -march=armv7e-m -mthumb -mfloat-abi=hard -mfpu=fpv4-sp-d16 -Wl,-Map,"lesson1.map" -o"lesson1.out" "./main.o" "./tm4c1294ncpdt_startup_ccs_gcc.o" -Wl,-T"../tm4c1294ncpdt.lds"  
Finished building target: "lesson1.out"
 

**** Build Finished ****

**** Build of configuration Debug for project lesson1 ****

"C:\\ti\\ccs1031\\ccs\\utils\\bin\\gmake" -k -j 8 all -O 
 
Building file: "../main.c"
Invoking: GNU Compiler
"C:/ti/ccs1031/ccs/tools/compiler/gcc-arm-none-eabi-7-2017-q4-major-win32/bin/arm-none-eabi-gcc-7.2.1.exe" -c -mcpu=cortex-m4 -march=armv7e-m -mthumb -mfloat-abi=hard -mfpu=fpv4-sp-d16 -DPART_TM4C1294NCPDT -I"C:/embedded_programming/ccs/lesson1" -I"C:/ti/ccs1031/ccs/tools/compiler/gcc-arm-none-eabi-7-2017-q4-major-win32/arm-none-eabi/include" -Og -ffunction-sections -fdata-sections -g -gdwarf-3 -gstrict-dwarf -Wall -specs="nosys.specs" -MMD -MP -MF"main.d_raw" -MT"main.o" -std=c99  -o"main.o" "../main.c"
Finished building: "../main.c"
 
Building target: "lesson1.out"
Invoking: GNU Linker
"C:/ti/ccs1031/ccs/tools/compiler/gcc-arm-none-eabi-7-2017-q4-major-win32/bin/arm-none-eabi-gcc-7.2.1.exe" -DPART_TM4C1294NCPDT -Og -ffunction-sections -fdata-sections -g -gdwarf-3 -gstrict-dwarf -Wall -specs="nosys.specs" -march=armv7e-m -mthumb -mfloat-abi=hard -mfpu=fpv4-sp-d16 -Wl,-Map,"lesson1.map" -o"lesson1.out" "./main.o" "./tm4c1294ncpdt_startup_ccs_gcc.o" -Wl,-T"../tm4c1294ncpdt.lds"  
Finished building target: "lesson1.out"
 

**** Build Finished ****

**** Build of configuration Debug for project lesson1 ****

"C:\\ti\\ccs1031\\ccs\\utils\\bin\\gmake" -k -j 8 all -O 
 
Building file: "../main.c"
Invoking: GNU Compiler
"C:/ti/ccs1031/ccs/tools/compiler/gcc-arm-none-eabi-7-2017-q4-major-win32/bin/arm-none-eabi-gcc-7.2.1.exe" -c -mcpu=cortex-m4 -march=armv7e-m -mthumb -mfloat-abi=hard -mfpu=fpv4-sp-d16 -DPART_TM4C1294NCPDT -I"C:/embedded_programming/ccs/lesson1" -I"C:/ti/ccs1031/ccs/tools/compiler/gcc-arm-none-eabi-7-2017-q4-major-win32/arm-none-eabi/include" -Og -ffunction-sections -fdata-sections -g -gdwarf-3 -gstrict-dwarf -Wall -specs="nosys.specs" -MMD -MP -MF"main.d_raw" -MT"main.o" -std=c99  -o"main.o" "../main.c"
Finished building: "../main.c"
 
Building target: "lesson1.out"
Invoking: GNU Linker
"C:/ti/ccs1031/ccs/tools/compiler/gcc-arm-none-eabi-7-2017-q4-major-win32/bin/arm-none-eabi-gcc-7.2.1.exe" -DPART_TM4C1294NCPDT -Og -ffunction-sections -fdata-sections -g -gdwarf-3 -gstrict-dwarf -Wall -specs="nosys.specs" -march=armv7e-m -mthumb -mfloat-abi=hard -mfpu=fpv4-sp-d16 -Wl,-Map,"lesson1.map" -o"lesson1.out" "./main.o" "./tm4c1294ncpdt_startup_ccs_gcc.o" -Wl,-T"../tm4c1294ncpdt.lds"  
Finished building target: "lesson1.out"
 

**** Build Finished ****

**** Build of configuration Debug for project lesson1 ****

"C:\\ti\\ccs1031\\ccs\\utils\\bin\\gmake" -k -j 8 all -O 
 
gmake[1]: 'lesson1.out' is up to date.

**** Build Finished ****

**** Build of configuration Debug for project lesson1 ****

"C:\\ti\\ccs1031\\ccs\\utils\\bin\\gmake" -k -j 8 all -O 
 
gmake[1]: 'lesson1.out' is up to date.

**** Build Finished ****

**** Build of configuration Debug for project lesson1 ****

"C:\\ti\\ccs1031\\ccs\\utils\\bin\\gmake" -k -j 8 all -O 
 
gmake[1]: 'lesson1.out' is up to date.

**** Build Finished ****

**** Build of configuration Debug for project lesson1 ****

"C:\\ti\\ccs1031\\ccs\\utils\\bin\\gmake" -k -j 8 all -O 
 
gmake[1]: 'lesson1.out' is up to date.

**** Build Finished ****

**** Build of configuration Debug for project lesson1 ****

"C:\\ti\\ccs1031\\ccs\\utils\\bin\\gmake" -k -j 8 all -O 
 
Building file: "../main.c"
Invoking: GNU Compiler
"C:/ti/ccs1031/ccs/tools/compiler/gcc-arm-none-eabi-7-2017-q4-major-win32/bin/arm-none-eabi-gcc-7.2.1.exe" -c -mcpu=cortex-m4 -march=armv7e-m -mthumb -mfloat-abi=hard -mfpu=fpv4-sp-d16 -DPART_TM4C1294NCPDT -I"C:/embedded_programming/ccs/lesson1" -I"C:/ti/ccs1031/ccs/tools/compiler/gcc-arm-none-eabi-7-2017-q4-major-win32/arm-none-eabi/include" -Og -ffunction-sections -fdata-sections -g -gdwarf-3 -gstrict-dwarf -Wall -specs="nosys.specs" -MMD -MP -MF"main.d_raw" -MT"main.o" -std=c99  -o"main.o" "../main.c"
Finished building: "../main.c"
 
Building file: "../tm4c1294ncpdt_startup_ccs_gcc.c"
Invoking: GNU Compiler
"C:/ti/ccs1031/ccs/tools/compiler/gcc-arm-none-eabi-7-2017-q4-major-win32/bin/arm-none-eabi-gcc-7.2.1.exe" -c -mcpu=cortex-m4 -march=armv7e-m -mthumb -mfloat-abi=hard -mfpu=fpv4-sp-d16 -DPART_TM4C1294NCPDT -I"C:/embedded_programming/ccs/lesson1" -I"C:/ti/ccs1031/ccs/tools/compiler/gcc-arm-none-eabi-7-2017-q4-major-win32/arm-none-eabi/include" -Og -ffunction-sections -fdata-sections -g -gdwarf-3 -gstrict-dwarf -Wall -specs="nosys.specs" -MMD -MP -MF"tm4c1294ncpdt_startup_ccs_gcc.d_raw" -MT"tm4c1294ncpdt_startup_ccs_gcc.o" -std=c99  -o"tm4c1294ncpdt_startup_ccs_gcc.o" "../tm4c1294ncpdt_startup_ccs_gcc.c"
Finished building: "../tm4c1294ncpdt_startup_ccs_gcc.c"
 
Building target: "lesson1.out"
Invoking: GNU Linker
"C:/ti/ccs1031/ccs/tools/compiler/gcc-arm-none-eabi-7-2017-q4-major-win32/bin/arm-none-eabi-gcc-7.2.1.exe" -DPART_TM4C1294NCPDT -Og -ffunction-sections -fdata-sections -g -gdwarf-3 -gstrict-dwarf -Wall -specs="nosys.specs" -march=armv7e-m -mthumb -mfloat-abi=hard -mfpu=fpv4-sp-d16 -Wl,-Map,"lesson1.map" -o"lesson1.out" "./main.o" "./tm4c1294ncpdt_startup_ccs_gcc.o" -Wl,-T"../tm4c1294ncpdt.lds"  -Wl,--start-group -lc -Wl,--end-group 
Finished building target: "lesson1.out"
 

**** Build Finished ****

**** Build of configuration Debug for project lesson1 ****

"C:\\ti\\ccs1031\\ccs\\utils\\bin\\gmake" -k -j 8 all -O 
 
gmake[1]: 'lesson1.out' is up to date.

**** Build Finished ****

**** Build of configuration Debug for project lesson1 ****

"C:\\ti\\ccs1031\\ccs\\utils\\bin\\gmake" -k -j 8 all -O 
 
gmake[1]: 'lesson1.out' is up to date.

**** Build Finished ****

**** Build of configuration Debug for project lesson1 ****

"C:\\ti\\ccs1031\\ccs\\utils\\bin\\gmake" -k -j 8 all -O 
 
gmake[1]: 'lesson1.out' is up to date.

**** Build Finished ****

**** Build of configuration Debug for project lesson1 ****

"C:\\ti\\ccs1031\\ccs\\utils\\bin\\gmake" -k -j 8 all -O 
 
gmake[1]: 'lesson1.out' is up to date.

**** Build Finished ****

**** Build of configuration Debug for project lesson1 ****

"C:\\ti\\ccs1031\\ccs\\utils\\bin\\gmake" -k -j 8 all -O 
 
gmake[1]: 'lesson1.out' is up to date.

**** Build Finished ****

**** Build of configuration Debug for project lesson1 ****

"C:\\ti\\ccs1031\\ccs\\utils\\bin\\gmake" -k -j 8 all -O 
 
gmake[1]: 'lesson1.out' is up to date.

**** Build Finished ****

**** Build of configuration Debug for project lesson1 ****

"C:\\ti\\ccs1031\\ccs\\utils\\bin\\gmake" -k -j 8 all -O 
 
Building file: "../main.c"
Invoking: GNU Compiler
"C:/ti/ccs1031/ccs/tools/compiler/gcc-arm-none-eabi-7-2017-q4-major-win32/bin/arm-none-eabi-gcc-7.2.1.exe" -c -mcpu=cortex-m4 -march=armv7e-m -mthumb -mfloat-abi=hard -mfpu=fpv4-sp-d16 -DPART_TM4C1294NCPDT -I"C:/embedded_programming/ccs/lesson1" -I"C:/ti/ccs1031/ccs/tools/compiler/gcc-arm-none-eabi-7-2017-q4-major-win32/arm-none-eabi/include" -O0 -ffunction-sections -fdata-sections -g -gdwarf-3 -gstrict-dwarf -Wall -specs="nosys.specs" -MMD -MP -MF"main.d_raw" -MT"main.o" -std=c99  -o"main.o" "../main.c"
Finished building: "../main.c"
 
Building file: "../tm4c1294ncpdt_startup_ccs_gcc.c"
Invoking: GNU Compiler
"C:/ti/ccs1031/ccs/tools/compiler/gcc-arm-none-eabi-7-2017-q4-major-win32/bin/arm-none-eabi-gcc-7.2.1.exe" -c -mcpu=cortex-m4 -march=armv7e-m -mthumb -mfloat-abi=hard -mfpu=fpv4-sp-d16 -DPART_TM4C1294NCPDT -I"C:/embedded_programming/ccs/lesson1" -I"C:/ti/ccs1031/ccs/tools/compiler/gcc-arm-none-eabi-7-2017-q4-major-win32/arm-none-eabi/include" -O0 -ffunction-sections -fdata-sections -g -gdwarf-3 -gstrict-dwarf -Wall -specs="nosys.specs" -MMD -MP -MF"tm4c1294ncpdt_startup_ccs_gcc.d_raw" -MT"tm4c1294ncpdt_startup_ccs_gcc.o" -std=c99  -o"tm4c1294ncpdt_startup_ccs_gcc.o" "../tm4c1294ncpdt_startup_ccs_gcc.c"
Finished building: "../tm4c1294ncpdt_startup_ccs_gcc.c"
 
Building target: "lesson1.out"
Invoking: GNU Linker
"C:/ti/ccs1031/ccs/tools/compiler/gcc-arm-none-eabi-7-2017-q4-major-win32/bin/arm-none-eabi-gcc-7.2.1.exe" -DPART_TM4C1294NCPDT -O0 -ffunction-sections -fdata-sections -g -gdwarf-3 -gstrict-dwarf -Wall -specs="nosys.specs" -march=armv7e-m -mthumb -mfloat-abi=hard -mfpu=fpv4-sp-d16 -Wl,-Map,"lesson1.map" -o"lesson1.out" "./main.o" "./tm4c1294ncpdt_startup_ccs_gcc.o" -Wl,-T"../tm4c1294ncpdt.lds"  -Wl,--start-group -lc -Wl,--end-group 
Finished building target: "lesson1.out"
 

**** Build Finished ****

**** Build of configuration Debug for project lesson1 ****

"C:\\ti\\ccs1031\\ccs\\utils\\bin\\gmake" -k -j 8 all -O 
 
Building file: "../main.c"
Invoking: GNU Compiler
"C:/ti/ccs1031/ccs/tools/compiler/gcc-arm-none-eabi-7-2017-q4-major-win32/bin/arm-none-eabi-gcc-7.2.1.exe" -c -mcpu=cortex-m4 -march=armv7e-m -mthumb -mfloat-abi=hard -mfpu=fpv4-sp-d16 -DPART_TM4C1294NCPDT -I"C:/embedded_programming/ccs/lesson1" -I"C:/ti/ccs1031/ccs/tools/compiler/gcc-arm-none-eabi-7-2017-q4-major-win32/arm-none-eabi/include" -Og -ffunction-sections -fdata-sections -g -gdwarf-3 -gstrict-dwarf -Wall -specs="nosys.specs" -MMD -MP -MF"main.d_raw" -MT"main.o" -std=c99  -o"main.o" "../main.c"
Finished building: "../main.c"
 
Building file: "../tm4c1294ncpdt_startup_ccs_gcc.c"
Invoking: GNU Compiler
"C:/ti/ccs1031/ccs/tools/compiler/gcc-arm-none-eabi-7-2017-q4-major-win32/bin/arm-none-eabi-gcc-7.2.1.exe" -c -mcpu=cortex-m4 -march=armv7e-m -mthumb -mfloat-abi=hard -mfpu=fpv4-sp-d16 -DPART_TM4C1294NCPDT -I"C:/embedded_programming/ccs/lesson1" -I"C:/ti/ccs1031/ccs/tools/compiler/gcc-arm-none-eabi-7-2017-q4-major-win32/arm-none-eabi/include" -Og -ffunction-sections -fdata-sections -g -gdwarf-3 -gstrict-dwarf -Wall -specs="nosys.specs" -MMD -MP -MF"tm4c1294ncpdt_startup_ccs_gcc.d_raw" -MT"tm4c1294ncpdt_startup_ccs_gcc.o" -std=c99  -o"tm4c1294ncpdt_startup_ccs_gcc.o" "../tm4c1294ncpdt_startup_ccs_gcc.c"
Finished building: "../tm4c1294ncpdt_startup_ccs_gcc.c"
 
Building target: "lesson1.out"
Invoking: GNU Linker
"C:/ti/ccs1031/ccs/tools/compiler/gcc-arm-none-eabi-7-2017-q4-major-win32/bin/arm-none-eabi-gcc-7.2.1.exe" -DPART_TM4C1294NCPDT -Og -ffunction-sections -fdata-sections -g -gdwarf-3 -gstrict-dwarf -Wall -specs="nosys.specs" -march=armv7e-m -mthumb -mfloat-abi=hard -mfpu=fpv4-sp-d16 -Wl,-Map,"lesson1.map" -o"lesson1.out" "./main.o" "./tm4c1294ncpdt_startup_ccs_gcc.o" -Wl,-T"../tm4c1294ncpdt.lds"  -Wl,--start-group -lc -Wl,--end-group 
Finished building target: "lesson1.out"
 

**** Build Finished ****

**** Build of configuration Debug for project lesson1 ****

"C:\\ti\\ccs1031\\ccs\\utils\\bin\\gmake" -k -j 8 all -O 
 
Building file: "../main.c"
Invoking: GNU Compiler
"C:/ti/ccs1031/ccs/tools/compiler/gcc-arm-none-eabi-7-2017-q4-major-win32/bin/arm-none-eabi-gcc-7.2.1.exe" -c -mcpu=cortex-m4 -march=armv7e-m -mthumb -mfloat-abi=hard -mfpu=fpv4-sp-d16 -DPART_TM4C1294NCPDT -I"C:/embedded_programming/ccs/lesson1" -I"C:/ti/ccs1031/ccs/tools/compiler/gcc-arm-none-eabi-7-2017-q4-major-win32/arm-none-eabi/include" -Og -ffunction-sections -fdata-sections -g -gdwarf-3 -gstrict-dwarf -Wall -specs="nosys.specs" -MMD -MP -MF"main.d_raw" -MT"main.o" -std=c99  -o"main.o" "../main.c"
Finished building: "../main.c"
 
Building target: "lesson1.out"
Invoking: GNU Linker
"C:/ti/ccs1031/ccs/tools/compiler/gcc-arm-none-eabi-7-2017-q4-major-win32/bin/arm-none-eabi-gcc-7.2.1.exe" -DPART_TM4C1294NCPDT -Og -ffunction-sections -fdata-sections -g -gdwarf-3 -gstrict-dwarf -Wall -specs="nosys.specs" -march=armv7e-m -mthumb -mfloat-abi=hard -mfpu=fpv4-sp-d16 -Wl,-Map,"lesson1.map" -o"lesson1.out" "./main.o" "./tm4c1294ncpdt_startup_ccs_gcc.o" -Wl,-T"../tm4c1294ncpdt.lds"  -Wl,--start-group -lc -Wl,--end-group 
Finished building target: "lesson1.out"
 

**** Build Finished ****

**** Build of configuration Debug for project lesson1 ****

"C:\\ti\\ccs1031\\ccs\\utils\\bin\\gmake" -k -j 8 all -O 
 
gmake[1]: 'lesson1.out' is up to date.

**** Build Finished ****

**** Build of configuration Debug for project lesson1 ****

"C:\\ti\\ccs1031\\ccs\\utils\\bin\\gmake" -k -j 8 all -O 
 
Building file: "../main.c"
Invoking: GNU Compiler
"C:/ti/ccs1031/ccs/tools/compiler/gcc-arm-none-eabi-7-2017-q4-major-win32/bin/arm-none-eabi-gcc-7.2.1.exe" -c -mcpu=cortex-m4 -march=armv7e-m -mthumb -mfloat-abi=hard -mfpu=fpv4-sp-d16 -DPART_TM4C1294NCPDT -I"C:/embedded_programming/ccs/lesson1" -I"C:/ti/ccs1031/ccs/tools/compiler/gcc-arm-none-eabi-7-2017-q4-major-win32/arm-none-eabi/include" -Og -ffunction-sections -fdata-sections -g -gdwarf-3 -gstrict-dwarf -Wall -specs="nosys.specs" -MMD -MP -MF"main.d_raw" -MT"main.o" -std=c99  -o"main.o" "../main.c"
Finished building: "../main.c"
 
Building target: "lesson1.out"
Invoking: GNU Linker
"C:/ti/ccs1031/ccs/tools/compiler/gcc-arm-none-eabi-7-2017-q4-major-win32/bin/arm-none-eabi-gcc-7.2.1.exe" -DPART_TM4C1294NCPDT -Og -ffunction-sections -fdata-sections -g -gdwarf-3 -gstrict-dwarf -Wall -specs="nosys.specs" -march=armv7e-m -mthumb -mfloat-abi=hard -mfpu=fpv4-sp-d16 -Wl,-Map,"lesson1.map" -o"lesson1.out" "./main.o" "./tm4c1294ncpdt_startup_ccs_gcc.o" -Wl,-T"../tm4c1294ncpdt.lds"  -Wl,--start-group -lc -Wl,--end-group 
Finished building target: "lesson1.out"
 

**** Build Finished ****

**** Build of configuration Debug for project lesson1 ****

"C:\\ti\\ccs1031\\ccs\\utils\\bin\\gmake" -k -j 8 all -O 
 
Building file: "../main.c"
Invoking: GNU Compiler
"C:/ti/ccs1031/ccs/tools/compiler/gcc-arm-none-eabi-7-2017-q4-major-win32/bin/arm-none-eabi-gcc-7.2.1.exe" -c -mcpu=cortex-m4 -march=armv7e-m -mthumb -mfloat-abi=hard -mfpu=fpv4-sp-d16 -DPART_TM4C1294NCPDT -I"C:/embedded_programming/ccs/lesson1" -I"C:/ti/ccs1031/ccs/tools/compiler/gcc-arm-none-eabi-7-2017-q4-major-win32/arm-none-eabi/include" -Og -ffunction-sections -fdata-sections -g -gdwarf-3 -gstrict-dwarf -Wall -specs="nosys.specs" -MMD -MP -MF"main.d_raw" -MT"main.o" -std=c99  -o"main.o" "../main.c"
Finished building: "../main.c"
 
Building target: "lesson1.out"
Invoking: GNU Linker
"C:/ti/ccs1031/ccs/tools/compiler/gcc-arm-none-eabi-7-2017-q4-major-win32/bin/arm-none-eabi-gcc-7.2.1.exe" -DPART_TM4C1294NCPDT -Og -ffunction-sections -fdata-sections -g -gdwarf-3 -gstrict-dwarf -Wall -specs="nosys.specs" -march=armv7e-m -mthumb -mfloat-abi=hard -mfpu=fpv4-sp-d16 -Wl,-Map,"lesson1.map" -o"lesson1.out" "./main.o" "./tm4c1294ncpdt_startup_ccs_gcc.o" -Wl,-T"../tm4c1294ncpdt.lds"  -Wl,--start-group -lc -Wl,--end-group 
Finished building target: "lesson1.out"
 

**** Build Finished ****

**** Build of configuration Debug for project lesson1 ****

"C:\\ti\\ccs1031\\ccs\\utils\\bin\\gmake" -k -j 8 all -O 
 
Building file: "../main.c"
Invoking: GNU Compiler
"C:/ti/ccs1031/ccs/tools/compiler/gcc-arm-none-eabi-7-2017-q4-major-win32/bin/arm-none-eabi-gcc-7.2.1.exe" -c -mcpu=cortex-m4 -march=armv7e-m -mthumb -mfloat-abi=hard -mfpu=fpv4-sp-d16 -DPART_TM4C1294NCPDT -I"C:/embedded_programming/ccs/lesson1" -I"C:/ti/ccs1031/ccs/tools/compiler/gcc-arm-none-eabi-7-2017-q4-major-win32/arm-none-eabi/include" -Og -ffunction-sections -fdata-sections -g -gdwarf-3 -gstrict-dwarf -Wall -specs="nosys.specs" -MMD -MP -MF"main.d_raw" -MT"main.o" -std=c99  -o"main.o" "../main.c"
Finished building: "../main.c"
 
Building target: "lesson1.out"
Invoking: GNU Linker
"C:/ti/ccs1031/ccs/tools/compiler/gcc-arm-none-eabi-7-2017-q4-major-win32/bin/arm-none-eabi-gcc-7.2.1.exe" -DPART_TM4C1294NCPDT -Og -ffunction-sections -fdata-sections -g -gdwarf-3 -gstrict-dwarf -Wall -specs="nosys.specs" -march=armv7e-m -mthumb -mfloat-abi=hard -mfpu=fpv4-sp-d16 -Wl,-Map,"lesson1.map" -o"lesson1.out" "./main.o" "./tm4c1294ncpdt_startup_ccs_gcc.o" -Wl,-T"../tm4c1294ncpdt.lds"  -Wl,--start-group -lc -Wl,--end-group 
Finished building target: "lesson1.out"
 

**** Build Finished ****

**** Build of configuration Debug for project lesson1 ****

"C:\\ti\\ccs1031\\ccs\\utils\\bin\\gmake" -k -j 8 all -O 
 
Building file: "../main.c"
Invoking: GNU Compiler
"C:/ti/ccs1031/ccs/tools/compiler/gcc-arm-none-eabi-7-2017-q4-major-win32/bin/arm-none-eabi-gcc-7.2.1.exe" -c -mcpu=cortex-m4 -march=armv7e-m -mthumb -mfloat-abi=hard -mfpu=fpv4-sp-d16 -DPART_TM4C1294NCPDT -I"C:/embedded_programming/ccs/lesson1" -I"C:/ti/ccs1031/ccs/tools/compiler/gcc-arm-none-eabi-7-2017-q4-major-win32/arm-none-eabi/include" -Og -ffunction-sections -fdata-sections -g -gdwarf-3 -gstrict-dwarf -Wall -specs="nosys.specs" -MMD -MP -MF"main.d_raw" -MT"main.o" -std=c99  -o"main.o" "../main.c"
Finished building: "../main.c"
 
Building target: "lesson1.out"
Invoking: GNU Linker
"C:/ti/ccs1031/ccs/tools/compiler/gcc-arm-none-eabi-7-2017-q4-major-win32/bin/arm-none-eabi-gcc-7.2.1.exe" -DPART_TM4C1294NCPDT -Og -ffunction-sections -fdata-sections -g -gdwarf-3 -gstrict-dwarf -Wall -specs="nosys.specs" -march=armv7e-m -mthumb -mfloat-abi=hard -mfpu=fpv4-sp-d16 -Wl,-Map,"lesson1.map" -o"lesson1.out" "./main.o" "./tm4c1294ncpdt_startup_ccs_gcc.o" -Wl,-T"../tm4c1294ncpdt.lds"  -Wl,--start-group -lc -Wl,--end-group 
Finished building target: "lesson1.out"
 

**** Build Finished ****

**** Build of configuration Debug for project lesson1 ****

"C:\\ti\\ccs1031\\ccs\\utils\\bin\\gmake" -k -j 8 all -O 
 
Building file: "../main.c"
Invoking: GNU Compiler
"C:/ti/ccs1031/ccs/tools/compiler/gcc-arm-none-eabi-7-2017-q4-major-win32/bin/arm-none-eabi-gcc-7.2.1.exe" -c -mcpu=cortex-m4 -march=armv7e-m -mthumb -mfloat-abi=hard -mfpu=fpv4-sp-d16 -DPART_TM4C1294NCPDT -I"C:/embedded_programming/ccs/lesson1" -I"C:/ti/ccs1031/ccs/tools/compiler/gcc-arm-none-eabi-7-2017-q4-major-win32/arm-none-eabi/include" -Og -ffunction-sections -fdata-sections -g -gdwarf-3 -gstrict-dwarf -Wall -specs="nosys.specs" -MMD -MP -MF"main.d_raw" -MT"main.o" -std=c99  -o"main.o" "../main.c"
Finished building: "../main.c"
 
Building target: "lesson1.out"
Invoking: GNU Linker
"C:/ti/ccs1031/ccs/tools/compiler/gcc-arm-none-eabi-7-2017-q4-major-win32/bin/arm-none-eabi-gcc-7.2.1.exe" -DPART_TM4C1294NCPDT -Og -ffunction-sections -fdata-sections -g -gdwarf-3 -gstrict-dwarf -Wall -specs="nosys.specs" -march=armv7e-m -mthumb -mfloat-abi=hard -mfpu=fpv4-sp-d16 -Wl,-Map,"lesson1.map" -o"lesson1.out" "./main.o" "./tm4c1294ncpdt_startup_ccs_gcc.o" -Wl,-T"../tm4c1294ncpdt.lds"  -Wl,--start-group -lc -Wl,--end-group 
Finished building target: "lesson1.out"
 

**** Build Finished ****

**** Build of configuration Debug for project lesson1 ****

"C:\\ti\\ccs1031\\ccs\\utils\\bin\\gmake" -k -j 8 all -O 
 
gmake[1]: 'lesson1.out' is up to date.

**** Build Finished ****

**** Build of configuration Debug for project lesson1 ****

"C:\\ti\\ccs1031\\ccs\\utils\\bin\\gmake" -k -j 8 all -O 
 
Building file: "../main.c"
Invoking: GNU Compiler
"C:/ti/ccs1031/ccs/tools/compiler/gcc-arm-none-eabi-7-2017-q4-major-win32/bin/arm-none-eabi-gcc-7.2.1.exe" -c -mcpu=cortex-m4 -march=armv7e-m -mthumb -mfloat-abi=hard -mfpu=fpv4-sp-d16 -DPART_TM4C1294NCPDT -I"C:/embedded_programming/ccs/lesson1" -I"C:/ti/ccs1031/ccs/tools/compiler/gcc-arm-none-eabi-7-2017-q4-major-win32/arm-none-eabi/include" -Og -ffunction-sections -fdata-sections -g -gdwarf-3 -gstrict-dwarf -Wall -specs="nosys.specs" -MMD -MP -MF"main.d_raw" -MT"main.o" -std=c99  -o"main.o" "../main.c"
Finished building: "../main.c"
 
Building target: "lesson1.out"
Invoking: GNU Linker
"C:/ti/ccs1031/ccs/tools/compiler/gcc-arm-none-eabi-7-2017-q4-major-win32/bin/arm-none-eabi-gcc-7.2.1.exe" -DPART_TM4C1294NCPDT -Og -ffunction-sections -fdata-sections -g -gdwarf-3 -gstrict-dwarf -Wall -specs="nosys.specs" -march=armv7e-m -mthumb -mfloat-abi=hard -mfpu=fpv4-sp-d16 -Wl,-Map,"lesson1.map" -o"lesson1.out" "./main.o" "./tm4c1294ncpdt_startup_ccs_gcc.o" -Wl,-T"../tm4c1294ncpdt.lds"  -Wl,--start-group -lc -Wl,--end-group 
Finished building target: "lesson1.out"
 

**** Build Finished ****
